<?xml version="1.0" encoding="UTF-8"?>
<testng-results skipped="0" failed="0" total="1" passed="1">
  <reporter-output>
  </reporter-output>
  <suite name="Default suite" duration-ms="3433" started-at="2017-07-17T06:36:04Z" finished-at="2017-07-17T06:36:08Z">
    <groups>
    </groups>
    <test name="Default test" duration-ms="3433" started-at="2017-07-17T06:36:04Z" finished-at="2017-07-17T06:36:08Z">
      <class name="restassuredtest.RestAssuredTestNGTestV3">
        <test-method status="PASS" signature="setURI()[pri:0, instance:restassuredtest.RestAssuredTestNGTestV3@598067a5]" name="setURI" is-config="true" duration-ms="351" started-at="2017-07-17T12:06:04Z" finished-at="2017-07-17T12:06:05Z">
          <reporter-output>
          </reporter-output>
        </test-method> <!-- setURI -->
        <test-method status="PASS" signature="getListOfBoard_v3()[pri:0, instance:restassuredtest.RestAssuredTestNGTestV3@598067a5]" name="getListOfBoard_v3" duration-ms="3068" started-at="2017-07-17T12:06:05Z" finished-at="2017-07-17T12:06:08Z">
          <reporter-output>
          </reporter-output>
        </test-method> <!-- getListOfBoard_v3 -->
      </class> <!-- restassuredtest.RestAssuredTestNGTestV3 -->
    </test> <!-- Default test -->
  </suite> <!-- Default suite -->
</testng-results>
